I, [2018-06-28T09:44:36.055565 #24241]  INFO -- default-amazonlinux: -----> Cleaning up any prior instances of <default-amazonlinux>
I, [2018-06-28T09:44:36.056683 #24241]  INFO -- default-amazonlinux: -----> Destroying <default-amazonlinux>...
I, [2018-06-28T09:44:36.057142 #24241]  INFO -- default-amazonlinux: Finished destroying <default-amazonlinux> (0m0.00s).
I, [2018-06-28T09:44:36.057307 #24241]  INFO -- default-amazonlinux: -----> Testing <default-amazonlinux>
I, [2018-06-28T09:44:36.057436 #24241]  INFO -- default-amazonlinux: -----> Creating <default-amazonlinux>...
E, [2018-06-28T09:44:36.057624 #24241] ERROR -- default-amazonlinux: Create failed on instance <default-amazonlinux>.
E, [2018-06-28T09:44:36.057714 #24241] ERROR -- default-amazonlinux: ------Exception-------
E, [2018-06-28T09:44:36.057732 #24241] ERROR -- default-amazonlinux: Class: Kitchen::ActionFailed
E, [2018-06-28T09:44:36.057743 #24241] ERROR -- default-amazonlinux: Message: Unknown platform 'amazonlinux'
E, [2018-06-28T09:44:36.057753 #24241] ERROR -- default-amazonlinux: ----------------------
E, [2018-06-28T09:44:36.057767 #24241] ERROR -- default-amazonlinux: ------Backtrace-------
E, [2018-06-28T09:44:36.057777 #24241] ERROR -- default-amazonlinux: /root/.chefdk/gem/ruby/2.5.0/gems/kitchen-docker-2.6.0/lib/kitchen/driver/docker.rb:249:in `build_dockerfile'
E, [2018-06-28T09:44:36.057787 #24241] ERROR -- default-amazonlinux: /root/.chefdk/gem/ruby/2.5.0/gems/kitchen-docker-2.6.0/lib/kitchen/driver/docker.rb:285:in `dockerfile'
E, [2018-06-28T09:44:36.057801 #24241] ERROR -- default-amazonlinux: /root/.chefdk/gem/ruby/2.5.0/gems/kitchen-docker-2.6.0/lib/kitchen/driver/docker.rb:304:in `build_image'
E, [2018-06-28T09:44:36.057813 #24241] ERROR -- default-amazonlinux: /root/.chefdk/gem/ruby/2.5.0/gems/kitchen-docker-2.6.0/lib/kitchen/driver/docker.rb:122:in `create'
E, [2018-06-28T09:44:36.057826 #24241] ERROR -- default-amazonlinux: /opt/chefdk/embedded/lib/ruby/gems/2.5.0/gems/test-kitchen-1.21.2/lib/kitchen/instance.rb:469:in `public_send'
E, [2018-06-28T09:44:36.057837 #24241] ERROR -- default-amazonlinux: /opt/chefdk/embedded/lib/ruby/gems/2.5.0/gems/test-kitchen-1.21.2/lib/kitchen/instance.rb:469:in `block in perform_action'
E, [2018-06-28T09:44:36.057849 #24241] ERROR -- default-amazonlinux: /opt/chefdk/embedded/lib/ruby/gems/2.5.0/gems/test-kitchen-1.21.2/lib/kitchen/instance.rb:536:in `synchronize_or_call'
E, [2018-06-28T09:44:36.057860 #24241] ERROR -- default-amazonlinux: /opt/chefdk/embedded/lib/ruby/gems/2.5.0/gems/test-kitchen-1.21.2/lib/kitchen/instance.rb:498:in `block in action'
E, [2018-06-28T09:44:36.057870 #24241] ERROR -- default-amazonlinux: /opt/chefdk/embedded/lib/ruby/2.5.0/benchmark.rb:293:in `measure'
E, [2018-06-28T09:44:36.057880 #24241] ERROR -- default-amazonlinux: /opt/chefdk/embedded/lib/ruby/gems/2.5.0/gems/test-kitchen-1.21.2/lib/kitchen/instance.rb:497:in `action'
E, [2018-06-28T09:44:36.057892 #24241] ERROR -- default-amazonlinux: /opt/chefdk/embedded/lib/ruby/gems/2.5.0/gems/test-kitchen-1.21.2/lib/kitchen/instance.rb:469:in `perform_action'
E, [2018-06-28T09:44:36.057903 #24241] ERROR -- default-amazonlinux: /opt/chefdk/embedded/lib/ruby/gems/2.5.0/gems/test-kitchen-1.21.2/lib/kitchen/instance.rb:379:in `create_action'
E, [2018-06-28T09:44:36.057914 #24241] ERROR -- default-amazonlinux: /opt/chefdk/embedded/lib/ruby/gems/2.5.0/gems/test-kitchen-1.21.2/lib/kitchen/instance.rb:368:in `block in transition_to'
E, [2018-06-28T09:44:36.057926 #24241] ERROR -- default-amazonlinux: /opt/chefdk/embedded/lib/ruby/gems/2.5.0/gems/test-kitchen-1.21.2/lib/kitchen/instance.rb:367:in `each'
E, [2018-06-28T09:44:36.057938 #24241] ERROR -- default-amazonlinux: /opt/chefdk/embedded/lib/ruby/gems/2.5.0/gems/test-kitchen-1.21.2/lib/kitchen/instance.rb:367:in `transition_to'
E, [2018-06-28T09:44:36.057949 #24241] ERROR -- default-amazonlinux: /opt/chefdk/embedded/lib/ruby/gems/2.5.0/gems/test-kitchen-1.21.2/lib/kitchen/instance.rb:157:in `verify'
E, [2018-06-28T09:44:36.057960 #24241] ERROR -- default-amazonlinux: /opt/chefdk/embedded/lib/ruby/gems/2.5.0/gems/test-kitchen-1.21.2/lib/kitchen/instance.rb:186:in `block in test'
E, [2018-06-28T09:44:36.057979 #24241] ERROR -- default-amazonlinux: /opt/chefdk/embedded/lib/ruby/2.5.0/benchmark.rb:293:in `measure'
E, [2018-06-28T09:44:36.057993 #24241] ERROR -- default-amazonlinux: /opt/chefdk/embedded/lib/ruby/gems/2.5.0/gems/test-kitchen-1.21.2/lib/kitchen/instance.rb:182:in `test'
E, [2018-06-28T09:44:36.058004 #24241] ERROR -- default-amazonlinux: /opt/chefdk/embedded/lib/ruby/gems/2.5.0/gems/test-kitchen-1.21.2/lib/kitchen/command.rb:197:in `public_send'
E, [2018-06-28T09:44:36.058016 #24241] ERROR -- default-amazonlinux: /opt/chefdk/embedded/lib/ruby/gems/2.5.0/gems/test-kitchen-1.21.2/lib/kitchen/command.rb:197:in `run_action_in_thread'
E, [2018-06-28T09:44:36.058027 #24241] ERROR -- default-amazonlinux: /opt/chefdk/embedded/lib/ruby/gems/2.5.0/gems/test-kitchen-1.21.2/lib/kitchen/command.rb:169:in `block (2 levels) in run_action'
E, [2018-06-28T09:44:36.058038 #24241] ERROR -- default-amazonlinux: ----End Backtrace-----
