I, [2018-06-28T09:56:01.889688 #25706]  INFO -- Kitchen: -----> Starting Kitchen (v1.21.2)
I, [2018-06-28T09:56:04.583341 #25706]  INFO -- Kitchen: -----> Cleaning up any prior instances of <default-ubuntu-1204>
I, [2018-06-28T09:56:04.583603 #25706]  INFO -- Kitchen: -----> Destroying <default-ubuntu-1204>...
I, [2018-06-28T09:56:04.584351 #25706]  INFO -- Kitchen: -----> Testing <default-ubuntu-1204>
I, [2018-06-28T09:56:04.584482 #25706]  INFO -- Kitchen: -----> Creating <default-ubuntu-1204>...
I, [2018-06-28T09:56:05.619491 #25706]  INFO -- Kitchen: -----> Converging <default-ubuntu-1204>...
I, [2018-06-28T09:56:36.872936 #25706]  INFO -- Kitchen: -----> Setting up <default-ubuntu-1204>...
I, [2018-06-28T09:56:36.874046 #25706]  INFO -- Kitchen: -----> Verifying <default-ubuntu-1204>...
E, [2018-06-28T09:56:37.806663 #25706] ERROR -- Kitchen: ------Exception-------
E, [2018-06-28T09:56:37.806699 #25706] ERROR -- Kitchen: Class: Kitchen::ActionFailed
E, [2018-06-28T09:56:37.806731 #25706] ERROR -- Kitchen: Message: 1 actions failed.
>>>>>>     Verify failed on instance <default-ubuntu-1204>.  Please see .kitchen/logs/default-ubuntu-1204.log for more details
E, [2018-06-28T09:56:37.806752 #25706] ERROR -- Kitchen: ----------------------
E, [2018-06-28T09:56:37.806765 #25706] ERROR -- Kitchen: ------Backtrace-------
E, [2018-06-28T09:56:37.806778 #25706] ERROR -- Kitchen: /opt/chefdk/embedded/lib/ruby/gems/2.5.0/gems/test-kitchen-1.21.2/lib/kitchen/command.rb:183:in `report_errors'
E, [2018-06-28T09:56:37.806791 #25706] ERROR -- Kitchen: /opt/chefdk/embedded/lib/ruby/gems/2.5.0/gems/test-kitchen-1.21.2/lib/kitchen/command.rb:174:in `run_action'
E, [2018-06-28T09:56:37.806805 #25706] ERROR -- Kitchen: /opt/chefdk/embedded/lib/ruby/gems/2.5.0/gems/test-kitchen-1.21.2/lib/kitchen/command/test.rb:42:in `block in call'
E, [2018-06-28T09:56:37.806818 #25706] ERROR -- Kitchen: /opt/chefdk/embedded/lib/ruby/2.5.0/benchmark.rb:293:in `measure'
E, [2018-06-28T09:56:37.806832 #25706] ERROR -- Kitchen: /opt/chefdk/embedded/lib/ruby/gems/2.5.0/gems/test-kitchen-1.21.2/lib/kitchen/command/test.rb:38:in `call'
E, [2018-06-28T09:56:37.806845 #25706] ERROR -- Kitchen: /opt/chefdk/embedded/lib/ruby/gems/2.5.0/gems/test-kitchen-1.21.2/lib/kitchen/cli.rb:52:in `perform'
E, [2018-06-28T09:56:37.806858 #25706] ERROR -- Kitchen: /opt/chefdk/embedded/lib/ruby/gems/2.5.0/gems/test-kitchen-1.21.2/lib/kitchen/cli.rb:245:in `test'
E, [2018-06-28T09:56:37.806871 #25706] ERROR -- Kitchen: /opt/chefdk/embedded/lib/ruby/gems/2.5.0/gems/thor-0.20.0/lib/thor/command.rb:27:in `run'
E, [2018-06-28T09:56:37.806884 #25706] ERROR -- Kitchen: /opt/chefdk/embedded/lib/ruby/gems/2.5.0/gems/thor-0.20.0/lib/thor/invocation.rb:126:in `invoke_command'
E, [2018-06-28T09:56:37.806897 #25706] ERROR -- Kitchen: /opt/chefdk/embedded/lib/ruby/gems/2.5.0/gems/thor-0.20.0/lib/thor.rb:387:in `dispatch'
E, [2018-06-28T09:56:37.806911 #25706] ERROR -- Kitchen: /opt/chefdk/embedded/lib/ruby/gems/2.5.0/gems/thor-0.20.0/lib/thor/base.rb:466:in `start'
E, [2018-06-28T09:56:37.806924 #25706] ERROR -- Kitchen: /opt/chefdk/embedded/lib/ruby/gems/2.5.0/gems/test-kitchen-1.21.2/bin/kitchen:13:in `block in <top (required)>'
E, [2018-06-28T09:56:37.806937 #25706] ERROR -- Kitchen: /opt/chefdk/embedded/lib/ruby/gems/2.5.0/gems/test-kitchen-1.21.2/lib/kitchen/errors.rb:171:in `with_friendly_errors'
E, [2018-06-28T09:56:37.806950 #25706] ERROR -- Kitchen: /opt/chefdk/embedded/lib/ruby/gems/2.5.0/gems/test-kitchen-1.21.2/bin/kitchen:13:in `<top (required)>'
E, [2018-06-28T09:56:37.806963 #25706] ERROR -- Kitchen: /usr/bin/kitchen:270:in `load'
E, [2018-06-28T09:56:37.806987 #25706] ERROR -- Kitchen: /usr/bin/kitchen:270:in `<main>'
E, [2018-06-28T09:56:37.807000 #25706] ERROR -- Kitchen: ----End Backtrace-----
E, [2018-06-28T09:56:37.807012 #25706] ERROR -- Kitchen: -Composite Exception--
E, [2018-06-28T09:56:37.807023 #25706] ERROR -- Kitchen: Class: Kitchen::InstanceFailure
E, [2018-06-28T09:56:37.807035 #25706] ERROR -- Kitchen: Message: Verify failed on instance <default-ubuntu-1204>.  Please see .kitchen/logs/default-ubuntu-1204.log for more details
E, [2018-06-28T09:56:37.807056 #25706] ERROR -- Kitchen: ----------------------
E, [2018-06-28T09:56:37.807071 #25706] ERROR -- Kitchen: ------Backtrace-------
E, [2018-06-28T09:56:37.807094 #25706] ERROR -- Kitchen: /opt/chefdk/embedded/lib/ruby/gems/2.5.0/gems/kitchen-inspec-0.23.1/lib/kitchen/verifier/inspec.rb:98:in `call'
E, [2018-06-28T09:56:37.807108 #25706] ERROR -- Kitchen: /opt/chefdk/embedded/lib/ruby/gems/2.5.0/gems/test-kitchen-1.21.2/lib/kitchen/instance.rb:443:in `block in verify_action'
E, [2018-06-28T09:56:37.807121 #25706] ERROR -- Kitchen: /opt/chefdk/embedded/lib/ruby/gems/2.5.0/gems/test-kitchen-1.21.2/lib/kitchen/instance.rb:536:in `synchronize_or_call'
E, [2018-06-28T09:56:37.807134 #25706] ERROR -- Kitchen: /opt/chefdk/embedded/lib/ruby/gems/2.5.0/gems/test-kitchen-1.21.2/lib/kitchen/instance.rb:498:in `block in action'
E, [2018-06-28T09:56:37.807147 #25706] ERROR -- Kitchen: /opt/chefdk/embedded/lib/ruby/2.5.0/benchmark.rb:293:in `measure'
E, [2018-06-28T09:56:37.807159 #25706] ERROR -- Kitchen: /opt/chefdk/embedded/lib/ruby/gems/2.5.0/gems/test-kitchen-1.21.2/lib/kitchen/instance.rb:497:in `action'
E, [2018-06-28T09:56:37.807172 #25706] ERROR -- Kitchen: /opt/chefdk/embedded/lib/ruby/gems/2.5.0/gems/test-kitchen-1.21.2/lib/kitchen/instance.rb:435:in `verify_action'
E, [2018-06-28T09:56:37.807184 #25706] ERROR -- Kitchen: /opt/chefdk/embedded/lib/ruby/gems/2.5.0/gems/test-kitchen-1.21.2/lib/kitchen/instance.rb:368:in `block in transition_to'
E, [2018-06-28T09:56:37.807197 #25706] ERROR -- Kitchen: /opt/chefdk/embedded/lib/ruby/gems/2.5.0/gems/test-kitchen-1.21.2/lib/kitchen/instance.rb:367:in `each'
E, [2018-06-28T09:56:37.807209 #25706] ERROR -- Kitchen: /opt/chefdk/embedded/lib/ruby/gems/2.5.0/gems/test-kitchen-1.21.2/lib/kitchen/instance.rb:367:in `transition_to'
E, [2018-06-28T09:56:37.807222 #25706] ERROR -- Kitchen: /opt/chefdk/embedded/lib/ruby/gems/2.5.0/gems/test-kitchen-1.21.2/lib/kitchen/instance.rb:157:in `verify'
E, [2018-06-28T09:56:37.807235 #25706] ERROR -- Kitchen: /opt/chefdk/embedded/lib/ruby/gems/2.5.0/gems/test-kitchen-1.21.2/lib/kitchen/instance.rb:186:in `block in test'
E, [2018-06-28T09:56:37.807248 #25706] ERROR -- Kitchen: /opt/chefdk/embedded/lib/ruby/2.5.0/benchmark.rb:293:in `measure'
E, [2018-06-28T09:56:37.807260 #25706] ERROR -- Kitchen: /opt/chefdk/embedded/lib/ruby/gems/2.5.0/gems/test-kitchen-1.21.2/lib/kitchen/instance.rb:182:in `test'
E, [2018-06-28T09:56:37.807273 #25706] ERROR -- Kitchen: /opt/chefdk/embedded/lib/ruby/gems/2.5.0/gems/test-kitchen-1.21.2/lib/kitchen/command.rb:197:in `public_send'
E, [2018-06-28T09:56:37.807286 #25706] ERROR -- Kitchen: /opt/chefdk/embedded/lib/ruby/gems/2.5.0/gems/test-kitchen-1.21.2/lib/kitchen/command.rb:197:in `run_action_in_thread'
E, [2018-06-28T09:56:37.807299 #25706] ERROR -- Kitchen: /opt/chefdk/embedded/lib/ruby/gems/2.5.0/gems/test-kitchen-1.21.2/lib/kitchen/command.rb:169:in `block (2 levels) in run_action'
E, [2018-06-28T09:56:37.807311 #25706] ERROR -- Kitchen: ----End Backtrace-----
E, [2018-06-28T09:56:37.807323 #25706] ERROR -- Kitchen: ---Nested Exception---
E, [2018-06-28T09:56:37.807335 #25706] ERROR -- Kitchen: Class: Kitchen::ActionFailed
E, [2018-06-28T09:56:37.807347 #25706] ERROR -- Kitchen: Message: Inspec Runner returns 100
E, [2018-06-28T09:56:37.807358 #25706] ERROR -- Kitchen: ----------------------
E, [2018-06-28T09:56:37.807370 #25706] ERROR -- Kitchen: ------Backtrace-------
E, [2018-06-28T09:56:37.807382 #25706] ERROR -- Kitchen: /opt/chefdk/embedded/lib/ruby/gems/2.5.0/gems/kitchen-inspec-0.23.1/lib/kitchen/verifier/inspec.rb:98:in `call'
E, [2018-06-28T09:56:37.807394 #25706] ERROR -- Kitchen: /opt/chefdk/embedded/lib/ruby/gems/2.5.0/gems/test-kitchen-1.21.2/lib/kitchen/instance.rb:443:in `block in verify_action'
E, [2018-06-28T09:56:37.807406 #25706] ERROR -- Kitchen: /opt/chefdk/embedded/lib/ruby/gems/2.5.0/gems/test-kitchen-1.21.2/lib/kitchen/instance.rb:536:in `synchronize_or_call'
E, [2018-06-28T09:56:37.807418 #25706] ERROR -- Kitchen: /opt/chefdk/embedded/lib/ruby/gems/2.5.0/gems/test-kitchen-1.21.2/lib/kitchen/instance.rb:498:in `block in action'
E, [2018-06-28T09:56:37.807434 #25706] ERROR -- Kitchen: /opt/chefdk/embedded/lib/ruby/2.5.0/benchmark.rb:293:in `measure'
E, [2018-06-28T09:56:37.807448 #25706] ERROR -- Kitchen: /opt/chefdk/embedded/lib/ruby/gems/2.5.0/gems/test-kitchen-1.21.2/lib/kitchen/instance.rb:497:in `action'
E, [2018-06-28T09:56:37.807460 #25706] ERROR -- Kitchen: /opt/chefdk/embedded/lib/ruby/gems/2.5.0/gems/test-kitchen-1.21.2/lib/kitchen/instance.rb:435:in `verify_action'
E, [2018-06-28T09:56:37.807472 #25706] ERROR -- Kitchen: /opt/chefdk/embedded/lib/ruby/gems/2.5.0/gems/test-kitchen-1.21.2/lib/kitchen/instance.rb:368:in `block in transition_to'
E, [2018-06-28T09:56:37.807485 #25706] ERROR -- Kitchen: /opt/chefdk/embedded/lib/ruby/gems/2.5.0/gems/test-kitchen-1.21.2/lib/kitchen/instance.rb:367:in `each'
E, [2018-06-28T09:56:37.807497 #25706] ERROR -- Kitchen: /opt/chefdk/embedded/lib/ruby/gems/2.5.0/gems/test-kitchen-1.21.2/lib/kitchen/instance.rb:367:in `transition_to'
E, [2018-06-28T09:56:37.807509 #25706] ERROR -- Kitchen: /opt/chefdk/embedded/lib/ruby/gems/2.5.0/gems/test-kitchen-1.21.2/lib/kitchen/instance.rb:157:in `verify'
E, [2018-06-28T09:56:37.807522 #25706] ERROR -- Kitchen: /opt/chefdk/embedded/lib/ruby/gems/2.5.0/gems/test-kitchen-1.21.2/lib/kitchen/instance.rb:186:in `block in test'
E, [2018-06-28T09:56:37.807534 #25706] ERROR -- Kitchen: /opt/chefdk/embedded/lib/ruby/2.5.0/benchmark.rb:293:in `measure'
E, [2018-06-28T09:56:37.807546 #25706] ERROR -- Kitchen: /opt/chefdk/embedded/lib/ruby/gems/2.5.0/gems/test-kitchen-1.21.2/lib/kitchen/instance.rb:182:in `test'
E, [2018-06-28T09:56:37.807559 #25706] ERROR -- Kitchen: /opt/chefdk/embedded/lib/ruby/gems/2.5.0/gems/test-kitchen-1.21.2/lib/kitchen/command.rb:197:in `public_send'
E, [2018-06-28T09:56:37.807571 #25706] ERROR -- Kitchen: /opt/chefdk/embedded/lib/ruby/gems/2.5.0/gems/test-kitchen-1.21.2/lib/kitchen/command.rb:197:in `run_action_in_thread'
E, [2018-06-28T09:56:37.807584 #25706] ERROR -- Kitchen: /opt/chefdk/embedded/lib/ruby/gems/2.5.0/gems/test-kitchen-1.21.2/lib/kitchen/command.rb:169:in `block (2 levels) in run_action'
E, [2018-06-28T09:56:37.807596 #25706] ERROR -- Kitchen: ----End Backtrace-----
